[DEBUG 16:29:45.188] GPIO initialized (BCM mode)
[DEBUG 16:29:45.189]   GPIO17 (Pin 11) - Pull-up enabled
[DEBUG 16:29:45.189]   GPIO27 (Pin 13) - Pull-up enabled
🚀 Podcast Player Starting...
============================================================
✅ GPIO initialized - switch control enabled
   Switch UP     → Podcast 1
   Switch CENTER → Paused
   Switch DOWN   → Podcast 2
============================================================

🔍 [16:29:45] Checking for new episodes...

📻 Logbuch Netzpolitik
[DEBUG 16:29:45.190] Fetching RSS feed...
  [DEBUG 16:29:45.191] Requesting RSS from https://logbuch-netzpolitik.de/feed/m4a...
  [DEBUG 16:29:47.710] Downloaded 6716087 bytes
  [DEBUG 16:29:47.716] Parsing XML (fast mode)...
  [DEBUG 16:29:50.388] Found 538 items, extracting top 1
  [DEBUG 16:29:50.388] Extracted 1 episodes
[DEBUG 16:29:50.562] Got 1 episodes from RSS
[DEBUG 16:29:50.563] Existing GUIDs in state: 1
[DEBUG 16:29:50.564] Processing: LNP535 Zeitsprunginnovationen...
[DEBUG 16:29:50.564] Episode already in state, keeping...
[DEBUG 16:29:50.565] Updating state with 1 episodes

📻 Fest und Flauschig
[DEBUG 16:29:50.567] Fetching RSS feed...
  [DEBUG 16:29:50.568] Requesting RSS from https://feeds.megaphone.fm/GLT4060321204...
  [DEBUG 16:29:51.258] Downloaded 1227115 bytes
  [DEBUG 16:29:51.263] Parsing XML (fast mode)...
  [DEBUG 16:29:51.907] Found 668 items, extracting top 1
  [DEBUG 16:29:51.908] Extracted 1 episodes
[DEBUG 16:29:51.951] Got 1 episodes from RSS
[DEBUG 16:29:51.951] Existing GUIDs in state: 1
[DEBUG 16:29:51.952] Processing: 17 Minuten gute Laune...
[DEBUG 16:29:51.952] Episode already in state, keeping...
[DEBUG 16:29:51.953] Updating state with 1 episodes

✅ [16:29:51] Check complete. Next check in 1h


🔄 Initial switch position: podcast_1

🔄 State change → podcast_1
[DEBUG 16:29:51.967] Switching to podcast_1
[DEBUG 16:29:51.968] Loading episode 0: LNP535 Zeitsprunginnovationen
🎧 Playing: LNP535 Zeitsprunginnovationen
   Position: 81.1s
[DEBUG 16:29:51.971] Starting MPV with file: episodes/podcast_1/episode_1b8f6d6ba592.mp3
  [DEBUG 16:29:51.972] AudioPlayer.play() called with position 81.1s
  [DEBUG 16:29:51.972] Starting MPV process...
  [DEBUG 16:29:52.554] MPV process started
  [DEBUG 16:29:52.568] Position tracking thread started
[DEBUG 16:29:52.569] Now playing podcast_1
   Press Ctrl+C to quit

[DEBUG 16:30:08.865] Switch state changed: podcast_1 → paused

🔄 State change → paused
⏸️  Paused
[DEBUG 16:30:11.693] Switch state changed: paused → podcast_2

🔄 State change → podcast_2
[DEBUG 16:30:11.693] Switching to podcast_2
[DEBUG 16:30:11.694] Loading episode 0: 17 Minuten gute Laune
🎧 Playing: 17 Minuten gute Laune
   Position: 1245.8s
[DEBUG 16:30:11.697] Starting MPV with file: episodes/podcast_2/episode_3dd10895b30c.mp3
  [DEBUG 16:30:11.697] AudioPlayer.play() called with position 1245.8s
  [DEBUG 16:30:12.925] Removed old socket
  [DEBUG 16:30:12.925] Starting MPV process...
  [DEBUG 16:30:13.451] MPV process started
  [DEBUG 16:30:13.463] Position tracking thread started
[DEBUG 16:30:13.463] Now playing podcast_2
[DEBUG 16:31:32.369] Switch state changed: podcast_2 → paused

🔄 State change → paused
⏸️  Paused
[DEBUG 16:31:36.812] Switch state changed: paused → podcast_1

🔄 State change → podcast_1
[DEBUG 16:31:36.812] Switching to podcast_1
[DEBUG 16:31:36.813] Loading episode 0: LNP535 Zeitsprunginnovationen
🎧 Playing: LNP535 Zeitsprunginnovationen
   Position: 84.4s
[DEBUG 16:31:36.815] Starting MPV with file: episodes/podcast_1/episode_1b8f6d6ba592.mp3
  [DEBUG 16:31:36.816] AudioPlayer.play() called with position 84.4s
  [DEBUG 16:31:38.015] Removed old socket
  [DEBUG 16:31:38.015] Starting MPV process...
  [DEBUG 16:31:38.541] MPV process started
  [DEBUG 16:31:38.558] Position tracking thread started
[DEBUG 16:31:38.558] Now playing podcast_1
[DEBUG 16:32:01.081] Switch state changed: podcast_1 → paused

🔄 State change → paused
⏸️  Paused
[DEBUG 16:32:01.298] Switch state changed: paused → podcast_2

🔄 State change → podcast_2
[DEBUG 16:32:01.299] Switching to podcast_2
[DEBUG 16:32:01.300] Loading episode 0: 17 Minuten gute Laune
🎧 Playing: 17 Minuten gute Laune
   Position: 1304.9s
[DEBUG 16:32:01.302] Starting MPV with file: episodes/podcast_2/episode_3dd10895b30c.mp3
  [DEBUG 16:32:01.303] AudioPlayer.play() called with position 1304.9s
  [DEBUG 16:32:02.534] Removed old socket
  [DEBUG 16:32:02.534] Starting MPV process...
  [DEBUG 16:32:03.065] MPV process started
  [DEBUG 16:32:03.078] Position tracking thread started
[DEBUG 16:32:03.078] Now playing podcast_2
[DEBUG 16:33:04.597] Switch state changed: podcast_2 → paused

🔄 State change → paused
⏸️  Paused
[DEBUG 16:39:13.568] Switch state changed: paused → podcast_2

🔄 State change → podcast_2
[DEBUG 16:39:13.569] Switching to podcast_2
[DEBUG 16:39:13.569] Loading episode 0: 17 Minuten gute Laune
🎧 Playing: 17 Minuten gute Laune
   Position: 1346.7s
[DEBUG 16:39:13.572] Starting MPV with file: episodes/podcast_2/episode_3dd10895b30c.mp3
  [DEBUG 16:39:13.572] AudioPlayer.play() called with position 1346.7s
  [DEBUG 16:39:14.800] Removed old socket
  [DEBUG 16:39:14.800] Starting MPV process...
  [DEBUG 16:39:15.326] MPV process started
  [DEBUG 16:39:15.337] Position tracking thread started
[DEBUG 16:39:15.338] Now playing podcast_2
[DEBUG 16:39:48.512] Switch state changed: podcast_2 → paused

🔄 State change → paused
⏸️  Paused
[DEBUG 17:01:37.772] Switch state changed: paused → podcast_2

🔄 State change → podcast_2
[DEBUG 17:01:37.772] Switching to podcast_2
[DEBUG 17:01:37.773] Loading episode 0: 17 Minuten gute Laune
🎧 Playing: 17 Minuten gute Laune
   Position: 1359.7s
[DEBUG 17:01:37.776] Starting MPV with file: episodes/podcast_2/episode_3dd10895b30c.mp3
  [DEBUG 17:01:37.786] AudioPlayer.play() called with position 1359.7s
  [DEBUG 17:01:38.269] Removed old socket
  [DEBUG 17:01:38.270] Starting MPV process...
  [DEBUG 17:01:38.801] MPV process started
  [DEBUG 17:01:38.808] Position tracking thread started
[DEBUG 17:01:38.808] Now playing podcast_2
[DEBUG 17:02:58.944] Switch state changed: podcast_2 → paused

🔄 State change → paused
⏸️  Paused
[DEBUG 17:03:02.574] Switch state changed: paused → podcast_1

🔄 State change → podcast_1
[DEBUG 17:03:02.575] Switching to podcast_1
[DEBUG 17:03:02.575] Loading episode 0: LNP535 Zeitsprunginnovationen
🎧 Playing: LNP535 Zeitsprunginnovationen
   Position: 92.7s
[DEBUG 17:03:02.578] Starting MPV with file: episodes/podcast_1/episode_1b8f6d6ba592.mp3
  [DEBUG 17:03:02.579] AudioPlayer.play() called with position 92.7s
  [DEBUG 17:03:03.821] Removed old socket
  [DEBUG 17:03:03.821] Starting MPV process...
  [DEBUG 17:03:04.347] MPV process started
  [DEBUG 17:03:04.357] Position tracking thread started
[DEBUG 17:03:04.358] Now playing podcast_1
[DEBUG 17:03:25.653] Switch state changed: podcast_1 → paused

🔄 State change → paused
⏸️  Paused
[DEBUG 17:03:29.884] Switch state changed: paused → podcast_2

🔄 State change → podcast_2
[DEBUG 17:03:29.885] Switching to podcast_2
[DEBUG 17:03:29.885] Loading episode 0: 17 Minuten gute Laune
🎧 Playing: 17 Minuten gute Laune
   Position: 1419.5s
[DEBUG 17:03:29.888] Starting MPV with file: episodes/podcast_2/episode_3dd10895b30c.mp3
  [DEBUG 17:03:29.889] AudioPlayer.play() called with position 1419.5s
  [DEBUG 17:03:31.123] Removed old socket
  [DEBUG 17:03:31.124] Starting MPV process...
  [DEBUG 17:03:31.650] MPV process started
  [DEBUG 17:03:31.657] Position tracking thread started
[DEBUG 17:03:31.658] Now playing podcast_2
[DEBUG 17:04:15.079] Switch state changed: podcast_2 → paused

🔄 State change → paused
⏸️  Paused
[DEBUG 17:27:32.654] Switch state changed: paused → podcast_2

🔄 State change → podcast_2
[DEBUG 17:27:32.654] Switching to podcast_2
[DEBUG 17:27:32.655] Loading episode 0: 17 Minuten gute Laune
🎧 Playing: 17 Minuten gute Laune
   Position: 1442.0s
[DEBUG 17:27:32.658] Starting MPV with file: episodes/podcast_2/episode_3dd10895b30c.mp3
  [DEBUG 17:27:32.660] AudioPlayer.play() called with position 1442.0s
  [DEBUG 17:27:33.254] Removed old socket
  [DEBUG 17:27:33.255] Starting MPV process...
  [DEBUG 17:27:33.781] MPV process started
  [DEBUG 17:27:33.798] Position tracking thread started
[DEBUG 17:27:33.798] Now playing podcast_2

🔍 [17:29:51] Checking for new episodes...

📻 Logbuch Netzpolitik
[DEBUG 17:29:51.986] Fetching RSS feed...
  [DEBUG 17:29:51.987] Requesting RSS from https://logbuch-netzpolitik.de/feed/m4a...
  [DEBUG 17:29:55.410] Downloaded 6716087 bytes
  [DEBUG 17:29:55.422] Parsing XML (fast mode)...
  [DEBUG 17:29:59.235] Found 538 items, extracting top 1
  [DEBUG 17:29:59.236] Extracted 1 episodes
[DEBUG 17:29:59.476] Got 1 episodes from RSS
[DEBUG 17:29:59.477] Existing GUIDs in state: 1
[DEBUG 17:29:59.477] Processing: LNP535 Zeitsprunginnovationen...
[DEBUG 17:29:59.478] Episode already in state, keeping...
[DEBUG 17:29:59.478] Updating state with 1 episodes

📻 Fest und Flauschig
[DEBUG 17:29:59.482] Fetching RSS feed...
  [DEBUG 17:29:59.482] Requesting RSS from https://feeds.megaphone.fm/GLT4060321204...
  [DEBUG 17:30:00.423] Downloaded 1227115 bytes
  [DEBUG 17:30:00.425] Parsing XML (fast mode)...
  [DEBUG 17:30:01.273] Found 668 items, extracting top 1
  [DEBUG 17:30:01.274] Extracted 1 episodes
[DEBUG 17:30:01.329] Got 1 episodes from RSS
[DEBUG 17:30:01.330] Existing GUIDs in state: 1
[DEBUG 17:30:01.331] Processing: 17 Minuten gute Laune...
[DEBUG 17:30:01.331] Episode already in state, keeping...
[DEBUG 17:30:01.332] Updating state with 1 episodes

✅ [17:30:01] Check complete. Next check in 1h

[DEBUG 17:33:41.415] Switch state changed: podcast_2 → podcast_1

🔄 State change → podcast_1
[DEBUG 17:33:41.416] Switching to podcast_1
[DEBUG 17:33:41.416] Stopping current playback
[DEBUG 17:33:42.687] Loading episode 0: LNP535 Zeitsprunginnovationen
🎧 Playing: LNP535 Zeitsprunginnovationen
   Position: 102.2s
[DEBUG 17:33:42.689] Starting MPV with file: episodes/podcast_1/episode_1b8f6d6ba592.mp3
  [DEBUG 17:33:42.689] AudioPlayer.play() called with position 102.2s
  [DEBUG 17:33:43.691] Removed old socket
  [DEBUG 17:33:43.692] Starting MPV process...
  [DEBUG 17:33:44.219] MPV process started
  [DEBUG 17:33:44.228] Position tracking thread started
[DEBUG 17:33:44.228] Now playing podcast_1
[DEBUG 17:34:58.769] Switch state changed: podcast_1 → podcast_2

🔄 State change → podcast_2
[DEBUG 17:34:58.769] Switching to podcast_2
[DEBUG 17:34:58.770] Stopping current playback
[DEBUG 17:34:59.856] Loading episode 0: 17 Minuten gute Laune
🎧 Playing: 17 Minuten gute Laune
   Position: 1788.2s
[DEBUG 17:34:59.859] Starting MPV with file: episodes/podcast_2/episode_3dd10895b30c.mp3
  [DEBUG 17:34:59.860] AudioPlayer.play() called with position 1788.2s
  [DEBUG 17:34:59.861] Removed old socket
  [DEBUG 17:34:59.862] Starting MPV process...
  [DEBUG 17:35:00.388] MPV process started
  [DEBUG 17:35:00.397] Position tracking thread started
[DEBUG 17:35:00.398] Now playing podcast_2
[DEBUG 17:50:39.525] Switch state changed: podcast_2 → paused

🔄 State change → paused
⏸️  Paused
[DEBUG 17:55:47.065] Switch state changed: paused → podcast_2

🔄 State change → podcast_2
[DEBUG 17:55:47.065] Switching to podcast_2
[DEBUG 17:55:47.066] Loading episode 0: 17 Minuten gute Laune
🎧 Playing: 17 Minuten gute Laune
   Position: 2704.3s
[DEBUG 17:55:47.069] Starting MPV with file: episodes/podcast_2/episode_3dd10895b30c.mp3
  [DEBUG 17:55:47.069] AudioPlayer.play() called with position 2704.3s
  [DEBUG 17:55:47.501] Removed old socket
  [DEBUG 17:55:47.502] Starting MPV process...
  [DEBUG 17:55:48.080] MPV process started
  [DEBUG 17:55:48.087] Position tracking thread started
[DEBUG 17:55:48.088] Now playing podcast_2
[DEBUG 18:16:20.283] Switch state changed: podcast_2 → paused

🔄 State change → paused
⏸️  Paused
[DEBUG 18:24:24.865] Switch state changed: paused → podcast_2

🔄 State change → podcast_2
[DEBUG 18:24:24.866] Switching to podcast_2
[DEBUG 18:24:24.867] Loading episode 0: 17 Minuten gute Laune
🎧 Playing: 17 Minuten gute Laune
   Position: 3907.6s
[DEBUG 18:24:24.870] Starting MPV with file: episodes/podcast_2/episode_3dd10895b30c.mp3
  [DEBUG 18:24:24.870] AudioPlayer.play() called with position 3907.6s
  [DEBUG 18:24:25.584] Removed old socket
  [DEBUG 18:24:25.584] Starting MPV process...
  [DEBUG 18:24:26.128] MPV process started
  [DEBUG 18:24:26.135] Position tracking thread started
[DEBUG 18:24:26.135] Now playing podcast_2

🔍 [18:30:01] Checking for new episodes...

📻 Logbuch Netzpolitik
[DEBUG 18:30:01.368] Fetching RSS feed...
  [DEBUG 18:30:01.368] Requesting RSS from https://logbuch-netzpolitik.de/feed/m4a...
  [DEBUG 18:30:04.872] Downloaded 6716087 bytes
  [DEBUG 18:30:04.889] Parsing XML (fast mode)...
  [DEBUG 18:30:09.000] Found 538 items, extracting top 1
  [DEBUG 18:30:09.002] Extracted 1 episodes
[DEBUG 18:30:09.315] Got 1 episodes from RSS
[DEBUG 18:30:09.317] Existing GUIDs in state: 1
[DEBUG 18:30:09.317] Processing: LNP535 Zeitsprunginnovationen...
[DEBUG 18:30:09.318] Episode already in state, keeping...
[DEBUG 18:30:09.318] Updating state with 1 episodes

📻 Fest und Flauschig
[DEBUG 18:30:09.507] Fetching RSS feed...
  [DEBUG 18:30:09.508] Requesting RSS from https://feeds.megaphone.fm/GLT4060321204...
  [DEBUG 18:30:10.547] Downloaded 1227115 bytes
  [DEBUG 18:30:10.550] Parsing XML (fast mode)...
  [DEBUG 18:30:11.555] Found 668 items, extracting top 1
  [DEBUG 18:30:11.556] Extracted 1 episodes
[DEBUG 18:30:11.610] Got 1 episodes from RSS
[DEBUG 18:30:11.611] Existing GUIDs in state: 1
[DEBUG 18:30:11.611] Processing: 17 Minuten gute Laune...
[DEBUG 18:30:11.612] Episode already in state, keeping...
[DEBUG 18:30:11.619] Updating state with 1 episodes

✅ [18:30:11] Check complete. Next check in 1h

[DEBUG 18:38:19.227] Switch state changed: podcast_2 → paused

🔄 State change → paused
⏸️  Paused
[DEBUG 19:09:49.768] Switch state changed: paused → podcast_2

🔄 State change → podcast_2
[DEBUG 19:09:49.769] Switching to podcast_2
[DEBUG 19:09:49.769] Loading episode 0: 17 Minuten gute Laune
🎧 Playing: 17 Minuten gute Laune
   Position: 4703.3s
[DEBUG 19:09:49.771] Starting MPV with file: episodes/podcast_2/episode_3dd10895b30c.mp3
  [DEBUG 19:09:49.772] AudioPlayer.play() called with position 4703.3s
  [DEBUG 19:09:51.001] Removed old socket
  [DEBUG 19:09:51.002] Starting MPV process...
  [DEBUG 19:09:51.536] MPV process started
  [DEBUG 19:09:51.540] Position tracking thread started
[DEBUG 19:09:51.541] Now playing podcast_2
[DEBUG 19:17:17.964] Switch state changed: podcast_2 → paused

🔄 State change → paused
⏸️  Paused
[DEBUG 19:18:36.253] Switch state changed: paused → podcast_1

🔄 State change → podcast_1
[DEBUG 19:18:36.253] Switching to podcast_1
[DEBUG 19:18:36.254] Loading episode 0: LNP535 Zeitsprunginnovationen
🎧 Playing: LNP535 Zeitsprunginnovationen
   Position: 165.5s
[DEBUG 19:18:36.257] Starting MPV with file: episodes/podcast_1/episode_1b8f6d6ba592.mp3
  [DEBUG 19:18:36.257] AudioPlayer.play() called with position 165.5s
  [DEBUG 19:18:37.274] Removed old socket
  [DEBUG 19:18:37.274] Starting MPV process...
  [DEBUG 19:18:37.804] MPV process started
  [DEBUG 19:18:37.810] Position tracking thread started
[DEBUG 19:18:37.810] Now playing podcast_1
[DEBUG 19:25:55.098] Switch state changed: podcast_1 → podcast_2

🔄 State change → podcast_2
[DEBUG 19:25:55.099] Switching to podcast_2
[DEBUG 19:25:55.100] Stopping current playback
[DEBUG 19:25:56.372] Loading episode 0: 17 Minuten gute Laune
🎧 Playing: 17 Minuten gute Laune
   Position: 4703.3s
[DEBUG 19:25:56.375] Starting MPV with file: episodes/podcast_2/episode_3dd10895b30c.mp3
  [DEBUG 19:25:56.376] AudioPlayer.play() called with position 4703.3s
  [DEBUG 19:25:57.387] Removed old socket
  [DEBUG 19:25:57.388] Starting MPV process...
  [DEBUG 19:25:57.915] MPV process started
  [DEBUG 19:25:57.926] Position tracking thread started
[DEBUG 19:25:57.926] Now playing podcast_2

🔍 [19:30:11] Checking for new episodes...

📻 Logbuch Netzpolitik
[DEBUG 19:30:11.733] Fetching RSS feed...
  [DEBUG 19:30:11.737] Requesting RSS from https://logbuch-netzpolitik.de/feed/m4a...
  [DEBUG 19:30:15.237] Downloaded 6716087 bytes
  [DEBUG 19:30:15.239] Parsing XML (fast mode)...
  [DEBUG 19:30:18.942] Found 538 items, extracting top 1
  [DEBUG 19:30:18.950] Extracted 1 episodes
[DEBUG 19:30:19.181] Got 1 episodes from RSS
[DEBUG 19:30:19.182] Existing GUIDs in state: 1
[DEBUG 19:30:19.183] Processing: LNP535 Zeitsprunginnovationen...
[DEBUG 19:30:19.183] Episode already in state, keeping...
[DEBUG 19:30:19.183] Updating state with 1 episodes

📻 Fest und Flauschig
[DEBUG 19:30:19.190] Fetching RSS feed...
  [DEBUG 19:30:19.190] Requesting RSS from https://feeds.megaphone.fm/GLT4060321204...
  [DEBUG 19:30:20.185] Downloaded 1227115 bytes
  [DEBUG 19:30:20.188] Parsing XML (fast mode)...
  [DEBUG 19:30:21.046] Found 668 items, extracting top 1
  [DEBUG 19:30:21.047] Extracted 1 episodes
[DEBUG 19:30:21.098] Got 1 episodes from RSS
[DEBUG 19:30:21.099] Existing GUIDs in state: 1
[DEBUG 19:30:21.099] Processing: 17 Minuten gute Laune...
[DEBUG 19:30:21.100] Episode already in state, keeping...
[DEBUG 19:30:21.100] Updating state with 1 episodes

✅ [19:30:21] Check complete. Next check in 1h

[DEBUG 19:30:39.204] Switch state changed: podcast_2 → paused

🔄 State change → paused
⏸️  Paused
[DEBUG 19:30:40.423] Switch state changed: paused → podcast_2

🔄 State change → podcast_2
[DEBUG 19:30:40.423] Switching to podcast_2
[DEBUG 19:30:40.424] Loading episode 0: 17 Minuten gute Laune
🎧 Playing: 17 Minuten gute Laune
   Position: 4940.5s
[DEBUG 19:30:40.426] Starting MPV with file: episodes/podcast_2/episode_3dd10895b30c.mp3
  [DEBUG 19:30:40.427] AudioPlayer.play() called with position 4940.5s
  [DEBUG 19:30:41.757] Removed old socket
  [DEBUG 19:30:41.758] Starting MPV process...
  [DEBUG 19:30:42.322] MPV process started
  [DEBUG 19:30:42.330] Position tracking thread started
[DEBUG 19:30:42.331] Now playing podcast_2
[DEBUG 19:30:42.532] Switch state changed: podcast_2 → podcast_1

🔄 State change → podcast_1
[DEBUG 19:30:42.533] Switching to podcast_1
[DEBUG 19:30:42.533] Stopping current playback
[DEBUG 19:30:43.568] Loading episode 0: LNP535 Zeitsprunginnovationen
🎧 Playing: LNP535 Zeitsprunginnovationen
   Position: 589.4s
[DEBUG 19:30:43.571] Starting MPV with file: episodes/podcast_1/episode_1b8f6d6ba592.mp3
  [DEBUG 19:30:43.572] AudioPlayer.play() called with position 589.4s
  [DEBUG 19:30:44.573] Starting MPV process...
  [DEBUG 19:30:45.100] MPV process started
  [DEBUG 19:30:45.107] Position tracking thread started
[DEBUG 19:30:45.108] Now playing podcast_1
[DEBUG 19:30:45.510] Switch state changed: podcast_1 → paused

🔄 State change → paused
⏸️  Paused
[DEBUG 19:42:57.479] Switch state changed: paused → podcast_2

🔄 State change → podcast_2
[DEBUG 19:42:57.480] Switching to podcast_2
[DEBUG 19:42:57.480] Loading episode 0: 17 Minuten gute Laune
🎧 Playing: 17 Minuten gute Laune
   Position: 4940.5s
[DEBUG 19:42:57.482] Starting MPV with file: episodes/podcast_2/episode_3dd10895b30c.mp3
  [DEBUG 19:42:57.483] AudioPlayer.play() called with position 4940.5s
  [DEBUG 19:42:58.708] Removed old socket
  [DEBUG 19:42:58.709] Starting MPV process...
  [DEBUG 19:42:59.266] MPV process started
  [DEBUG 19:42:59.277] Position tracking thread started
[DEBUG 19:42:59.278] Now playing podcast_2

🔍 [20:30:21] Checking for new episodes...

📻 Logbuch Netzpolitik
[DEBUG 20:30:21.218] Fetching RSS feed...
  [DEBUG 20:30:21.218] Requesting RSS from https://logbuch-netzpolitik.de/feed/m4a...
  [DEBUG 20:30:23.615] Downloaded 6716087 bytes
  [DEBUG 20:30:23.626] Parsing XML (fast mode)...
  [DEBUG 20:30:26.365] Found 538 items, extracting top 1
  [DEBUG 20:30:26.366] Extracted 1 episodes
[DEBUG 20:30:26.537] Got 1 episodes from RSS
[DEBUG 20:30:26.538] Existing GUIDs in state: 1
[DEBUG 20:30:26.539] Processing: LNP535 Zeitsprunginnovationen...
[DEBUG 20:30:26.539] Episode already in state, keeping...
[DEBUG 20:30:26.539] Updating state with 1 episodes

📻 Fest und Flauschig
[DEBUG 20:30:26.542] Fetching RSS feed...
  [DEBUG 20:30:26.543] Requesting RSS from https://feeds.megaphone.fm/GLT4060321204...
  [DEBUG 20:30:27.335] Downloaded 1227115 bytes
  [DEBUG 20:30:27.337] Parsing XML (fast mode)...
  [DEBUG 20:30:28.069] Found 668 items, extracting top 1
  [DEBUG 20:30:28.070] Extracted 1 episodes
[DEBUG 20:30:28.110] Got 1 episodes from RSS
[DEBUG 20:30:28.110] Existing GUIDs in state: 1
[DEBUG 20:30:28.111] Processing: 17 Minuten gute Laune...
[DEBUG 20:30:28.111] Episode already in state, keeping...
[DEBUG 20:30:28.112] Updating state with 1 episodes

✅ [20:30:28] Check complete. Next check in 1h

[DEBUG 20:32:34.789] Switch state changed: podcast_2 → paused

🔄 State change → paused
⏸️  Paused
[DEBUG 20:32:35.192] Switch state changed: paused → podcast_1

🔄 State change → podcast_1
[DEBUG 20:32:35.193] Switching to podcast_1
[DEBUG 20:32:35.193] Loading episode 0: LNP535 Zeitsprunginnovationen
🎧 Playing: LNP535 Zeitsprunginnovationen
   Position: 1306.3s
[DEBUG 20:32:35.195] Starting MPV with file: episodes/podcast_1/episode_1b8f6d6ba592.mp3
  [DEBUG 20:32:35.196] AudioPlayer.play() called with position 1306.3s
  [DEBUG 20:32:36.199] Removed old socket
  [DEBUG 20:32:36.199] Starting MPV process...
  [DEBUG 20:32:36.735] MPV process started
  [DEBUG 20:32:36.744] Position tracking thread started
[DEBUG 20:32:36.744] Now playing podcast_1
[DEBUG 20:42:45.150] Switch state changed: podcast_1 → paused

🔄 State change → paused
⏸️  Paused

🔍 [21:30:28] Checking for new episodes...

📻 Logbuch Netzpolitik
[DEBUG 21:30:28.302] Fetching RSS feed...
  [DEBUG 21:30:28.302] Requesting RSS from https://logbuch-netzpolitik.de/feed/m4a...
  [DEBUG 21:30:30.767] Downloaded 6716087 bytes
  [DEBUG 21:30:30.767] Parsing XML (fast mode)...
  [DEBUG 21:30:33.683] Found 538 items, extracting top 1
  [DEBUG 21:30:33.684] Extracted 1 episodes
[DEBUG 21:30:33.857] Got 1 episodes from RSS
[DEBUG 21:30:33.858] Existing GUIDs in state: 1
[DEBUG 21:30:33.859] Processing: LNP535 Zeitsprunginnovationen...
[DEBUG 21:30:33.859] Episode already in state, keeping...
[DEBUG 21:30:33.859] Updating state with 1 episodes

📻 Fest und Flauschig
[DEBUG 21:30:33.862] Fetching RSS feed...
  [DEBUG 21:30:33.863] Requesting RSS from https://feeds.megaphone.fm/GLT4060321204...
  [DEBUG 21:30:34.588] Downloaded 1227115 bytes
  [DEBUG 21:30:34.591] Parsing XML (fast mode)...
  [DEBUG 21:30:35.231] Found 668 items, extracting top 1
  [DEBUG 21:30:35.232] Extracted 1 episodes
[DEBUG 21:30:35.272] Got 1 episodes from RSS
[DEBUG 21:30:35.273] Existing GUIDs in state: 1
[DEBUG 21:30:35.273] Processing: 17 Minuten gute Laune...
[DEBUG 21:30:35.273] Episode already in state, keeping...
[DEBUG 21:30:35.274] Updating state with 1 episodes

✅ [21:30:35] Check complete. Next check in 1h


🔍 [22:30:35] Checking for new episodes...

📻 Logbuch Netzpolitik
[DEBUG 22:30:35.302] Fetching RSS feed...
  [DEBUG 22:30:35.303] Requesting RSS from https://logbuch-netzpolitik.de/feed/m4a...
  [DEBUG 22:30:37.649] Downloaded 6716087 bytes
  [DEBUG 22:30:37.656] Parsing XML (fast mode)...
  [DEBUG 22:30:40.169] Found 538 items, extracting top 1
  [DEBUG 22:30:40.170] Extracted 1 episodes
[DEBUG 22:30:40.340] Got 1 episodes from RSS
[DEBUG 22:30:40.341] Existing GUIDs in state: 1
[DEBUG 22:30:40.341] Processing: LNP535 Zeitsprunginnovationen...
[DEBUG 22:30:40.342] Episode already in state, keeping...
[DEBUG 22:30:40.342] Updating state with 1 episodes

📻 Fest und Flauschig
[DEBUG 22:30:40.344] Fetching RSS feed...
  [DEBUG 22:30:40.345] Requesting RSS from https://feeds.megaphone.fm/GLT4060321204...
  [DEBUG 22:30:41.257] Downloaded 1227115 bytes
  [DEBUG 22:30:41.260] Parsing XML (fast mode)...
  [DEBUG 22:30:42.057] Found 668 items, extracting top 1
  [DEBUG 22:30:42.059] Extracted 1 episodes
[DEBUG 22:30:42.099] Got 1 episodes from RSS
[DEBUG 22:30:42.100] Existing GUIDs in state: 1
[DEBUG 22:30:42.101] Processing: 17 Minuten gute Laune...
[DEBUG 22:30:42.101] Episode already in state, keeping...
[DEBUG 22:30:42.104] Updating state with 1 episodes

✅ [22:30:42] Check complete. Next check in 1h


🔍 [23:30:42] Checking for new episodes...

📻 Logbuch Netzpolitik
[DEBUG 23:30:42.119] Fetching RSS feed...
  [DEBUG 23:30:42.120] Requesting RSS from https://logbuch-netzpolitik.de/feed/m4a...
  [DEBUG 23:30:44.430] Downloaded 6716087 bytes
  [DEBUG 23:30:44.442] Parsing XML (fast mode)...
  [DEBUG 23:30:47.113] Found 538 items, extracting top 1
  [DEBUG 23:30:47.114] Extracted 1 episodes
[DEBUG 23:30:47.288] Got 1 episodes from RSS
[DEBUG 23:30:47.288] Existing GUIDs in state: 1
[DEBUG 23:30:47.289] Processing: LNP535 Zeitsprunginnovationen...
[DEBUG 23:30:47.289] Episode already in state, keeping...
[DEBUG 23:30:47.290] Updating state with 1 episodes

📻 Fest und Flauschig
[DEBUG 23:30:47.292] Fetching RSS feed...
  [DEBUG 23:30:47.293] Requesting RSS from https://feeds.megaphone.fm/GLT4060321204...
  [DEBUG 23:30:48.091] Downloaded 1227115 bytes
  [DEBUG 23:30:48.094] Parsing XML (fast mode)...
  [DEBUG 23:30:48.773] Found 668 items, extracting top 1
  [DEBUG 23:30:48.774] Extracted 1 episodes
[DEBUG 23:30:48.839] Got 1 episodes from RSS
[DEBUG 23:30:48.840] Existing GUIDs in state: 1
[DEBUG 23:30:48.841] Processing: 17 Minuten gute Laune...
[DEBUG 23:30:48.841] Episode already in state, keeping...
[DEBUG 23:30:48.841] Updating state with 1 episodes

✅ [23:30:48] Check complete. Next check in 1h


🔍 [00:30:48] Checking for new episodes...

📻 Logbuch Netzpolitik
[DEBUG 00:30:48.858] Fetching RSS feed...
  [DEBUG 00:30:48.859] Requesting RSS from https://logbuch-netzpolitik.de/feed/m4a...
  [DEBUG 00:30:51.196] Downloaded 6716087 bytes
  [DEBUG 00:30:51.203] Parsing XML (fast mode)...
  [DEBUG 00:30:53.726] Found 538 items, extracting top 1
  [DEBUG 00:30:53.727] Extracted 1 episodes
[DEBUG 00:30:53.898] Got 1 episodes from RSS
[DEBUG 00:30:53.899] Existing GUIDs in state: 1
[DEBUG 00:30:53.899] Processing: LNP535 Zeitsprunginnovationen...
[DEBUG 00:30:53.900] Episode already in state, keeping...
[DEBUG 00:30:53.900] Updating state with 1 episodes

📻 Fest und Flauschig
[DEBUG 00:30:53.903] Fetching RSS feed...
  [DEBUG 00:30:53.903] Requesting RSS from https://feeds.megaphone.fm/GLT4060321204...
  [DEBUG 00:30:54.606] Downloaded 1227115 bytes
  [DEBUG 00:30:54.608] Parsing XML (fast mode)...
  [DEBUG 00:30:55.337] Found 668 items, extracting top 1
  [DEBUG 00:30:55.338] Extracted 1 episodes
[DEBUG 00:30:55.378] Got 1 episodes from RSS
[DEBUG 00:30:55.379] Existing GUIDs in state: 1
[DEBUG 00:30:55.380] Processing: 17 Minuten gute Laune...
[DEBUG 00:30:55.380] Episode already in state, keeping...
[DEBUG 00:30:55.381] Updating state with 1 episodes

✅ [00:30:55] Check complete. Next check in 1h


🔍 [01:30:55] Checking for new episodes...

📻 Logbuch Netzpolitik
[DEBUG 01:30:55.470] Fetching RSS feed...
  [DEBUG 01:30:55.470] Requesting RSS from https://logbuch-netzpolitik.de/feed/m4a...
  [DEBUG 01:30:57.829] Downloaded 6716087 bytes
  [DEBUG 01:30:57.835] Parsing XML (fast mode)...
  [DEBUG 01:31:00.549] Found 538 items, extracting top 1
  [DEBUG 01:31:00.549] Extracted 1 episodes
[DEBUG 01:31:00.721] Got 1 episodes from RSS
[DEBUG 01:31:00.722] Existing GUIDs in state: 1
[DEBUG 01:31:00.722] Processing: LNP535 Zeitsprunginnovationen...
[DEBUG 01:31:00.723] Episode already in state, keeping...
[DEBUG 01:31:00.723] Updating state with 1 episodes

📻 Fest und Flauschig
[DEBUG 01:31:00.726] Fetching RSS feed...
  [DEBUG 01:31:00.727] Requesting RSS from https://feeds.megaphone.fm/GLT4060321204...
  [DEBUG 01:31:01.424] Downloaded 1227115 bytes
  [DEBUG 01:31:01.425] Parsing XML (fast mode)...
  [DEBUG 01:31:02.067] Found 668 items, extracting top 1
  [DEBUG 01:31:02.067] Extracted 1 episodes
[DEBUG 01:31:02.108] Got 1 episodes from RSS
[DEBUG 01:31:02.109] Existing GUIDs in state: 1
[DEBUG 01:31:02.109] Processing: 17 Minuten gute Laune...
[DEBUG 01:31:02.109] Episode already in state, keeping...
[DEBUG 01:31:02.110] Updating state with 1 episodes

✅ [01:31:02] Check complete. Next check in 1h


🔍 [02:31:02] Checking for new episodes...

📻 Logbuch Netzpolitik
[DEBUG 02:31:02.317] Fetching RSS feed...
  [DEBUG 02:31:02.318] Requesting RSS from https://logbuch-netzpolitik.de/feed/m4a...
  [DEBUG 02:31:04.695] Downloaded 6716087 bytes
  [DEBUG 02:31:04.704] Parsing XML (fast mode)...
  [DEBUG 02:31:07.258] Found 538 items, extracting top 1
  [DEBUG 02:31:07.259] Extracted 1 episodes
[DEBUG 02:31:07.431] Got 1 episodes from RSS
[DEBUG 02:31:07.432] Existing GUIDs in state: 1
[DEBUG 02:31:07.432] Processing: LNP535 Zeitsprunginnovationen...
[DEBUG 02:31:07.433] Episode already in state, keeping...
[DEBUG 02:31:07.433] Updating state with 1 episodes

📻 Fest und Flauschig
[DEBUG 02:31:07.440] Fetching RSS feed...
  [DEBUG 02:31:07.441] Requesting RSS from https://feeds.megaphone.fm/GLT4060321204...
  [DEBUG 02:31:08.437] Downloaded 1227115 bytes
  [DEBUG 02:31:08.438] Parsing XML (fast mode)...
  [DEBUG 02:31:09.158] Found 668 items, extracting top 1
  [DEBUG 02:31:09.159] Extracted 1 episodes
[DEBUG 02:31:09.199] Got 1 episodes from RSS
[DEBUG 02:31:09.200] Existing GUIDs in state: 1
[DEBUG 02:31:09.201] Processing: 17 Minuten gute Laune...
[DEBUG 02:31:09.201] Episode already in state, keeping...
[DEBUG 02:31:09.202] Updating state with 1 episodes

✅ [02:31:09] Check complete. Next check in 1h


🔍 [03:31:09] Checking for new episodes...

📻 Logbuch Netzpolitik
[DEBUG 03:31:09.324] Fetching RSS feed...
  [DEBUG 03:31:09.325] Requesting RSS from https://logbuch-netzpolitik.de/feed/m4a...
  [DEBUG 03:31:11.687] Downloaded 6716087 bytes
  [DEBUG 03:31:11.695] Parsing XML (fast mode)...
  [DEBUG 03:31:14.373] Found 538 items, extracting top 1
  [DEBUG 03:31:14.373] Extracted 1 episodes
[DEBUG 03:31:14.546] Got 1 episodes from RSS
[DEBUG 03:31:14.547] Existing GUIDs in state: 1
[DEBUG 03:31:14.547] Processing: LNP535 Zeitsprunginnovationen...
[DEBUG 03:31:14.548] Episode already in state, keeping...
[DEBUG 03:31:14.548] Updating state with 1 episodes

📻 Fest und Flauschig
[DEBUG 03:31:14.551] Fetching RSS feed...
  [DEBUG 03:31:14.551] Requesting RSS from https://feeds.megaphone.fm/GLT4060321204...
  [DEBUG 03:31:15.249] Downloaded 1227115 bytes
  [DEBUG 03:31:15.252] Parsing XML (fast mode)...
  [DEBUG 03:31:15.930] Found 668 items, extracting top 1
  [DEBUG 03:31:15.931] Extracted 1 episodes
[DEBUG 03:31:15.987] Got 1 episodes from RSS
[DEBUG 03:31:15.987] Existing GUIDs in state: 1
[DEBUG 03:31:15.988] Processing: 17 Minuten gute Laune...
[DEBUG 03:31:15.988] Episode already in state, keeping...
[DEBUG 03:31:15.989] Updating state with 1 episodes

✅ [03:31:16] Check complete. Next check in 1h


🔍 [04:31:16] Checking for new episodes...

📻 Logbuch Netzpolitik
[DEBUG 04:31:16.182] Fetching RSS feed...
  [DEBUG 04:31:16.182] Requesting RSS from https://logbuch-netzpolitik.de/feed/m4a...
  [DEBUG 04:31:18.871] Downloaded 6716087 bytes
  [DEBUG 04:31:18.882] Parsing XML (fast mode)...
  [DEBUG 04:31:21.461] Found 538 items, extracting top 1
  [DEBUG 04:31:21.462] Extracted 1 episodes
[DEBUG 04:31:21.652] Got 1 episodes from RSS
[DEBUG 04:31:21.652] Existing GUIDs in state: 1
[DEBUG 04:31:21.653] Processing: LNP535 Zeitsprunginnovationen...
[DEBUG 04:31:21.654] Episode already in state, keeping...
[DEBUG 04:31:21.654] Updating state with 1 episodes

📻 Fest und Flauschig
[DEBUG 04:31:21.657] Fetching RSS feed...
  [DEBUG 04:31:21.657] Requesting RSS from https://feeds.megaphone.fm/GLT4060321204...
  [DEBUG 04:31:22.326] Downloaded 1227115 bytes
  [DEBUG 04:31:22.329] Parsing XML (fast mode)...
  [DEBUG 04:31:23.048] Found 668 items, extracting top 1
  [DEBUG 04:31:23.048] Extracted 1 episodes
[DEBUG 04:31:23.091] Got 1 episodes from RSS
[DEBUG 04:31:23.092] Existing GUIDs in state: 1
[DEBUG 04:31:23.092] Processing: 17 Minuten gute Laune...
[DEBUG 04:31:23.093] Episode already in state, keeping...
[DEBUG 04:31:23.093] Updating state with 1 episodes

✅ [04:31:23] Check complete. Next check in 1h


🔍 [05:31:23] Checking for new episodes...

📻 Logbuch Netzpolitik
[DEBUG 05:31:23.149] Fetching RSS feed...
  [DEBUG 05:31:23.152] Requesting RSS from https://logbuch-netzpolitik.de/feed/m4a...
  [DEBUG 05:31:25.564] Downloaded 6716087 bytes
  [DEBUG 05:31:25.576] Parsing XML (fast mode)...
  [DEBUG 05:31:28.078] Found 538 items, extracting top 1
  [DEBUG 05:31:28.079] Extracted 1 episodes
[DEBUG 05:31:28.251] Got 1 episodes from RSS
[DEBUG 05:31:28.251] Existing GUIDs in state: 1
[DEBUG 05:31:28.252] Processing: LNP535 Zeitsprunginnovationen...
[DEBUG 05:31:28.252] Episode already in state, keeping...
[DEBUG 05:31:28.253] Updating state with 1 episodes

📻 Fest und Flauschig
[DEBUG 05:31:28.255] Fetching RSS feed...
  [DEBUG 05:31:28.256] Requesting RSS from https://feeds.megaphone.fm/GLT4060321204...
  [DEBUG 05:31:29.024] Downloaded 1227115 bytes
  [DEBUG 05:31:29.027] Parsing XML (fast mode)...
  [DEBUG 05:31:29.662] Found 668 items, extracting top 1
  [DEBUG 05:31:29.663] Extracted 1 episodes
[DEBUG 05:31:29.704] Got 1 episodes from RSS
[DEBUG 05:31:29.705] Existing GUIDs in state: 1
[DEBUG 05:31:29.706] Processing: 17 Minuten gute Laune...
[DEBUG 05:31:29.706] Episode already in state, keeping...
[DEBUG 05:31:29.707] Updating state with 1 episodes

✅ [05:31:29] Check complete. Next check in 1h

[DEBUG 06:25:10.526] Switch state changed: paused → podcast_2

🔄 State change → podcast_2
[DEBUG 06:25:10.526] Switching to podcast_2
[DEBUG 06:25:10.527] Loading episode 0: 17 Minuten gute Laune
🎧 Playing: 17 Minuten gute Laune
   Position: 4940.5s
[DEBUG 06:25:10.529] Starting MPV with file: episodes/podcast_2/episode_3dd10895b30c.mp3
  [DEBUG 06:25:10.530] AudioPlayer.play() called with position 4940.5s
  [DEBUG 06:25:12.784] Removed old socket
  [DEBUG 06:25:12.785] Starting MPV process...
  [DEBUG 06:25:13.372] MPV process started
  [DEBUG 06:25:13.383] Position tracking thread started
[DEBUG 06:25:13.384] Now playing podcast_2
[DEBUG 06:25:49.821] Switch state changed: podcast_2 → paused

🔄 State change → paused
⏸️  Paused
[DEBUG 06:25:50.853] Switch state changed: paused → podcast_1

🔄 State change → podcast_1
[DEBUG 06:25:50.854] Switching to podcast_1
[DEBUG 06:25:50.855] Loading episode 0: LNP535 Zeitsprunginnovationen
🎧 Playing: LNP535 Zeitsprunginnovationen
   Position: 1897.6s
[DEBUG 06:25:50.881] Starting MPV with file: episodes/podcast_1/episode_1b8f6d6ba592.mp3
  [DEBUG 06:25:50.881] AudioPlayer.play() called with position 1897.6s
  [DEBUG 06:25:52.329] Removed old socket
  [DEBUG 06:25:52.329] Starting MPV process...
  [DEBUG 06:25:52.861] MPV process started
  [DEBUG 06:25:52.870] Position tracking thread started
[DEBUG 06:25:52.870] Now playing podcast_1
[DEBUG 06:26:10.180] Switch state changed: podcast_1 → paused

🔄 State change → paused
⏸️  Paused
[DEBUG 06:26:11.841] Switch state changed: paused → podcast_2

🔄 State change → podcast_2
[DEBUG 06:26:11.842] Switching to podcast_2
[DEBUG 06:26:11.842] Loading episode 0: 17 Minuten gute Laune
🎧 Playing: 17 Minuten gute Laune
   Position: 4940.5s
[DEBUG 06:26:11.845] Starting MPV with file: episodes/podcast_2/episode_3dd10895b30c.mp3
  [DEBUG 06:26:11.845] AudioPlayer.play() called with position 4940.5s
  [DEBUG 06:26:13.072] Removed old socket
  [DEBUG 06:26:13.072] Starting MPV process...
  [DEBUG 06:26:13.599] MPV process started
  [DEBUG 06:26:13.608] Position tracking thread started
[DEBUG 06:26:13.608] Now playing podcast_2
[DEBUG 06:26:47.491] Switch state changed: podcast_2 → paused

🔄 State change → paused
⏸️  Paused
[DEBUG 06:26:53.741] Switch state changed: paused → podcast_2

🔄 State change → podcast_2
[DEBUG 06:26:53.741] Switching to podcast_2
[DEBUG 06:26:53.750] Loading episode 0: 17 Minuten gute Laune
🎧 Playing: 17 Minuten gute Laune
   Position: 4940.5s
[DEBUG 06:26:53.752] Starting MPV with file: episodes/podcast_2/episode_3dd10895b30c.mp3
  [DEBUG 06:26:53.753] AudioPlayer.play() called with position 4940.5s
  [DEBUG 06:26:54.222] Removed old socket
  [DEBUG 06:26:54.222] Starting MPV process...
  [DEBUG 06:26:54.752] MPV process started
  [DEBUG 06:26:54.767] Position tracking thread started
[DEBUG 06:26:54.768] Now playing podcast_2
[DEBUG 06:27:17.667] Switch state changed: podcast_2 → paused

🔄 State change → paused
⏸️  Paused

🔍 [06:31:29] Checking for new episodes...

📻 Logbuch Netzpolitik
[DEBUG 06:31:29.874] Fetching RSS feed...
  [DEBUG 06:31:29.875] Requesting RSS from https://logbuch-netzpolitik.de/feed/m4a...
  [DEBUG 06:31:32.921] Downloaded 6715120 bytes
  [DEBUG 06:31:32.934] Parsing XML (fast mode)...
  [DEBUG 06:31:35.996] Found 538 items, extracting top 1
  [DEBUG 06:31:35.997] Extracted 1 episodes
[DEBUG 06:31:36.175] Got 1 episodes from RSS
[DEBUG 06:31:36.176] Existing GUIDs in state: 1
[DEBUG 06:31:36.177] Processing: LNP535 Zeitsprunginnovationen...
[DEBUG 06:31:36.177] Episode already in state, keeping...
[DEBUG 06:31:36.178] Updating state with 1 episodes

📻 Fest und Flauschig
[DEBUG 06:31:36.213] Fetching RSS feed...
  [DEBUG 06:31:36.214] Requesting RSS from https://feeds.megaphone.fm/GLT4060321204...
  [DEBUG 06:31:36.914] Downloaded 1227115 bytes
  [DEBUG 06:31:36.917] Parsing XML (fast mode)...
  [DEBUG 06:31:38.025] Found 668 items, extracting top 1
  [DEBUG 06:31:38.025] Extracted 1 episodes
[DEBUG 06:31:38.067] Got 1 episodes from RSS
[DEBUG 06:31:38.067] Existing GUIDs in state: 1
[DEBUG 06:31:38.068] Processing: 17 Minuten gute Laune...
[DEBUG 06:31:38.068] Episode already in state, keeping...
[DEBUG 06:31:38.069] Updating state with 1 episodes

✅ [06:31:38] Check complete. Next check in 1h


🔍 [07:31:38] Checking for new episodes...

📻 Logbuch Netzpolitik
[DEBUG 07:31:38.117] Fetching RSS feed...
  [DEBUG 07:31:38.117] Requesting RSS from https://logbuch-netzpolitik.de/feed/m4a...
  [DEBUG 07:31:40.621] Downloaded 6716087 bytes
  [DEBUG 07:31:40.628] Parsing XML (fast mode)...
  [DEBUG 07:31:43.049] Found 538 items, extracting top 1
  [DEBUG 07:31:43.049] Extracted 1 episodes
[DEBUG 07:31:43.221] Got 1 episodes from RSS
[DEBUG 07:31:43.222] Existing GUIDs in state: 1
[DEBUG 07:31:43.222] Processing: LNP535 Zeitsprunginnovationen...
[DEBUG 07:31:43.223] Episode already in state, keeping...
[DEBUG 07:31:43.223] Updating state with 1 episodes

📻 Fest und Flauschig
[DEBUG 07:31:43.226] Fetching RSS feed...
  [DEBUG 07:31:43.227] Requesting RSS from https://feeds.megaphone.fm/GLT4060321204...
  [DEBUG 07:31:43.972] Downloaded 1227115 bytes
  [DEBUG 07:31:43.987] Parsing XML (fast mode)...
  [DEBUG 07:31:44.837] Found 668 items, extracting top 1
  [DEBUG 07:31:44.838] Extracted 1 episodes
[DEBUG 07:31:44.878] Got 1 episodes from RSS
[DEBUG 07:31:44.879] Existing GUIDs in state: 1
[DEBUG 07:31:44.880] Processing: 17 Minuten gute Laune...
[DEBUG 07:31:44.880] Episode already in state, keeping...
[DEBUG 07:31:44.880] Updating state with 1 episodes

✅ [07:31:44] Check complete. Next check in 1h


🔍 [08:31:44] Checking for new episodes...

📻 Logbuch Netzpolitik
[DEBUG 08:31:44.961] Fetching RSS feed...
  [DEBUG 08:31:44.961] Requesting RSS from https://logbuch-netzpolitik.de/feed/m4a...
  [DEBUG 08:31:47.559] Downloaded 6716087 bytes
  [DEBUG 08:31:47.565] Parsing XML (fast mode)...
  [DEBUG 08:31:50.273] Found 538 items, extracting top 1
  [DEBUG 08:31:50.273] Extracted 1 episodes
[DEBUG 08:31:50.443] Got 1 episodes from RSS
[DEBUG 08:31:50.444] Existing GUIDs in state: 1
[DEBUG 08:31:50.444] Processing: LNP535 Zeitsprunginnovationen...
[DEBUG 08:31:50.445] Episode already in state, keeping...
[DEBUG 08:31:50.445] Updating state with 1 episodes

📻 Fest und Flauschig
[DEBUG 08:31:50.448] Fetching RSS feed...
  [DEBUG 08:31:50.448] Requesting RSS from https://feeds.megaphone.fm/GLT4060321204...
  [DEBUG 08:31:51.262] Downloaded 1227115 bytes
  [DEBUG 08:31:51.264] Parsing XML (fast mode)...
  [DEBUG 08:31:51.893] Found 668 items, extracting top 1
  [DEBUG 08:31:51.893] Extracted 1 episodes
[DEBUG 08:31:51.934] Got 1 episodes from RSS
[DEBUG 08:31:51.935] Existing GUIDs in state: 1
[DEBUG 08:31:51.936] Processing: 17 Minuten gute Laune...
[DEBUG 08:31:51.936] Episode already in state, keeping...
[DEBUG 08:31:51.937] Updating state with 1 episodes